<?xml version="1.0" encoding="UTF-8"?>
<!-- Generated by org.testng.reporters.JUnitReportReporter -->
<testsuite hostname="LAPTOP-NDU9LKHN" failures="0" tests="3" name="test.swordactiverisk" time="36.171" errors="0" timestamp="09 Mar 2018 20:39:44 GMT" skipped="0">
  <testcase classname="test.swordactiverisk" name="riskmanagement" time="5.302"/>
  <testcase classname="test.swordactiverisk" name="leverage" time="19.323"/>
  <testcase classname="test.swordactiverisk" name="compatability" time="11.546"/>
</testsuite> <!-- test.swordactiverisk -->
